<?xml version="1.0" encoding="utf-8"?><testsuites name="pytest tests"><testsuite name="pytest" errors="9" failures="0" skipped="0" tests="9" time="1.457" timestamp="2025-11-06T00:02:15.143941-05:00" hostname="Delorean"><testcase classname="" name="tests.test_delay_demo" file="tests/test_delay_demo.py" time="0.000"><error message="collection failure">ImportError while importing test module 'E:\Projects\Atmosphere\tests\test_delay_demo.py'.
Hint: make sure your test modules/packages have valid Python names.
Traceback:
c:\Users\irfan\AppData\Local\Programs\Python\Python314\Lib\importlib\__init__.py:88: in import_module
    return _bootstrap._gcd_import(name[level:], package, level)
           ^^^^^^^^^^^^^^^^^^^^^^^^^^^^^^^^^^^^^^^^^^^^^^^^^^^^
tests\test_delay_demo.py:7: in &lt;module&gt;
    from src.delay.core.delay_demo import Delay, describe_delay
src\delay\__init__.py:8: in &lt;module&gt;
    from .core.delay_essence import Delay
E   ModuleNotFoundError: No module named 'src.delay.core'</error></testcase><testcase classname="" name="tests.test_delay_essence" file="tests/test_delay_essence.py" time="0.000"><error message="collection failure">ImportError while importing test module 'E:\Projects\Atmosphere\tests\test_delay_essence.py'.
Hint: make sure your test modules/packages have valid Python names.
Traceback:
c:\Users\irfan\AppData\Local\Programs\Python\Python314\Lib\importlib\__init__.py:88: in import_module
    return _bootstrap._gcd_import(name[level:], package, level)
           ^^^^^^^^^^^^^^^^^^^^^^^^^^^^^^^^^^^^^^^^^^^^^^^^^^^^
tests\test_delay_essence.py:7: in &lt;module&gt;
    from src.delay.core.delay_essence import Delay
src\delay\__init__.py:8: in &lt;module&gt;
    from .core.delay_essence import Delay
E   ModuleNotFoundError: No module named 'src.delay.core'</error></testcase><testcase classname="" name="tests.test_echoes_essence" file="tests/test_echoes_essence.py" time="0.000"><error message="collection failure">ImportError while importing test module 'E:\Projects\Atmosphere\tests\test_echoes_essence.py'.
Hint: make sure your test modules/packages have valid Python names.
Traceback:
c:\Users\irfan\AppData\Local\Programs\Python\Python314\Lib\importlib\__init__.py:88: in import_module
    return _bootstrap._gcd_import(name[level:], package, level)
           ^^^^^^^^^^^^^^^^^^^^^^^^^^^^^^^^^^^^^^^^^^^^^^^^^^^^
tests\test_echoes_essence.py:7: in &lt;module&gt;
    from src.delay.core.echoes_essence import EchoesPlatform
src\delay\__init__.py:8: in &lt;module&gt;
    from .core.delay_essence import Delay
E   ModuleNotFoundError: No module named 'src.delay.core'</error></testcase><testcase classname="" name="tests.test_network_basic" file="tests/test_network_basic.py" time="0.000"><error message="collection failure">ImportError while importing test module 'E:\Projects\Atmosphere\tests\test_network_basic.py'.
Hint: make sure your test modules/packages have valid Python names.
Traceback:
c:\Users\irfan\AppData\Local\Programs\Python\Python314\Lib\importlib\__init__.py:88: in import_module
    return _bootstrap._gcd_import(name[level:], package, level)
           ^^^^^^^^^^^^^^^^^^^^^^^^^^^^^^^^^^^^^^^^^^^^^^^^^^^^
tests\test_network_basic.py:12: in &lt;module&gt;
    from src.network import DeviceInfo, NetworkPresence
E   ModuleNotFoundError: No module named 'src.network'</error></testcase><testcase classname="" name="tests.test_network_integration" file="tests/test_network_integration.py" time="0.000"><error message="collection failure">ImportError while importing test module 'E:\Projects\Atmosphere\tests\test_network_integration.py'.
Hint: make sure your test modules/packages have valid Python names.
Traceback:
c:\Users\irfan\AppData\Local\Programs\Python\Python314\Lib\importlib\__init__.py:88: in import_module
    return _bootstrap._gcd_import(name[level:], package, level)
           ^^^^^^^^^^^^^^^^^^^^^^^^^^^^^^^^^^^^^^^^^^^^^^^^^^^^
tests\test_network_integration.py:10: in &lt;module&gt;
    from src.network_integration import AtmosphereDevice, AtmosphereNetworkCoordinator
E   ModuleNotFoundError: No module named 'src.network_integration'</error></testcase><testcase classname="" name="tests.test_pipeline" file="tests/test_pipeline.py" time="0.000"><error message="collection failure">tests\test_pipeline.py:8: in &lt;module&gt;
    from pipeline import (
pipeline.py:28: in &lt;module&gt;
    @dataclass
     ^^^^^^^^^
c:\Users\irfan\AppData\Local\Programs\Python\Python314\Lib\dataclasses.py:1370: in dataclass
    return wrap(cls)
           ^^^^^^^^^
c:\Users\irfan\AppData\Local\Programs\Python\Python314\Lib\dataclasses.py:1360: in wrap
    return _process_class(cls, init, repr, eq, order, unsafe_hash,
c:\Users\irfan\AppData\Local\Programs\Python\Python314\Lib\dataclasses.py:1084: in _process_class
    _init_fn(all_init_fields,
c:\Users\irfan\AppData\Local\Programs\Python\Python314\Lib\dataclasses.py:635: in _init_fn
    raise TypeError(f'non-default argument {f.name!r} '
E   TypeError: non-default argument 'default_models' follows default argument 'enabled'</error></testcase><testcase classname="" name="tests.test_reverb_services" file="tests/test_reverb_services.py" time="0.000"><error message="collection failure">ImportError while importing test module 'E:\Projects\Atmosphere\tests\test_reverb_services.py'.
Hint: make sure your test modules/packages have valid Python names.
Traceback:
c:\Users\irfan\AppData\Local\Programs\Python\Python314\Lib\importlib\__init__.py:88: in import_module
    return _bootstrap._gcd_import(name[level:], package, level)
           ^^^^^^^^^^^^^^^^^^^^^^^^^^^^^^^^^^^^^^^^^^^^^^^^^^^^
tests\test_reverb_services.py:12: in &lt;module&gt;
    from src.reverb.services.delay_service import DelayService
src\reverb\__init__.py:8: in &lt;module&gt;
    from .core.platform import ReverbPlatform
E   ModuleNotFoundError: No module named 'src.reverb.core'</error></testcase><testcase classname="" name="tests.test_security" file="tests/test_security.py" time="0.000"><error message="collection failure">ImportError while importing test module 'E:\Projects\Atmosphere\tests\test_security.py'.
Hint: make sure your test modules/packages have valid Python names.
Traceback:
c:\Users\irfan\AppData\Local\Programs\Python\Python314\Lib\importlib\__init__.py:88: in import_module
    return _bootstrap._gcd_import(name[level:], package, level)
           ^^^^^^^^^^^^^^^^^^^^^^^^^^^^^^^^^^^^^^^^^^^^^^^^^^^^
tests\test_security.py:18: in &lt;module&gt;
    from src.security import (api_key_manager, jwt_manager, security_logger,
E   ModuleNotFoundError: No module named 'src.security'</error></testcase><testcase classname="" name="tests.test_security_property_simple" file="tests/test_security_property_simple.py" time="0.000"><error message="collection failure">ImportError while importing test module 'E:\Projects\Atmosphere\tests\test_security_property_simple.py'.
Hint: make sure your test modules/packages have valid Python names.
Traceback:
c:\Users\irfan\AppData\Local\Programs\Python\Python314\Lib\importlib\__init__.py:88: in import_module
    return _bootstrap._gcd_import(name[level:], package, level)
           ^^^^^^^^^^^^^^^^^^^^^^^^^^^^^^^^^^^^^^^^^^^^^^^^^^^^
tests\test_security_property_simple.py:12: in &lt;module&gt;
    from src.security import User, UserManager, JWTManager, InputValidator
E   ModuleNotFoundError: No module named 'src.security'</error></testcase></testsuite></testsuites>